c:\users\fisk0\documents\github\fbx-exporter-v2\fbxdemo\x64\debug\vc142.pdb
c:\users\fisk0\documents\github\fbx-exporter-v2\fbxdemo\x64\debug\vc142.idb
c:\users\fisk0\documents\github\fbx-exporter-v2\fbxdemo\x64\debug\displayskeleton.obj
c:\users\fisk0\documents\github\fbx-exporter-v2\fbxdemo\x64\debug\displaycommon.obj
c:\users\fisk0\documents\github\fbx-exporter-v2\fbxdemo\x64\debug\displayanimation.obj
c:\users\fisk0\documents\github\fbx-exporter-v2\fbxdemo\x64\debug\common.obj
c:\users\fisk0\documents\github\fbx-exporter-v2\fbxdemo\x64\debug\printmesh.obj
c:\users\fisk0\documents\github\fbx-exporter-v2\fbxdemo\x64\debug\printmaterial.obj
c:\users\fisk0\documents\github\fbx-exporter-v2\fbxdemo\x64\debug\printinfo.obj
c:\users\fisk0\documents\github\fbx-exporter-v2\fbxdemo\x64\debug\printlight.obj
c:\users\fisk0\documents\github\fbx-exporter-v2\fbxdemo\x64\debug\main.obj
c:\users\fisk0\documents\github\fbx-exporter-v2\fbxdemo\x64\debug\exporterimporterheaders.obj
c:\users\fisk0\documents\github\fbx-exporter-v2\x64\debug\fbxdemo.exe
c:\users\fisk0\documents\github\fbx-exporter-v2\x64\debug\fbxdemo.ilk
c:\users\fisk0\documents\github\fbx-exporter-v2\x64\debug\fbxdemo.pdb
c:\users\fisk0\documents\github\fbx-exporter-v2\fbxdemo\x64\debug\printmesh.new.obj.enc
c:\users\fisk0\documents\github\fbx-exporter-v2\fbxdemo\x64\debug\fbxdemo.tlog\cl.command.1.tlog
c:\users\fisk0\documents\github\fbx-exporter-v2\fbxdemo\x64\debug\fbxdemo.tlog\cl.read.1.tlog
c:\users\fisk0\documents\github\fbx-exporter-v2\fbxdemo\x64\debug\fbxdemo.tlog\cl.write.1.tlog
c:\users\fisk0\documents\github\fbx-exporter-v2\fbxdemo\x64\debug\fbxdemo.tlog\link.command.1.tlog
c:\users\fisk0\documents\github\fbx-exporter-v2\fbxdemo\x64\debug\fbxdemo.tlog\link.read.1.tlog
c:\users\fisk0\documents\github\fbx-exporter-v2\fbxdemo\x64\debug\fbxdemo.tlog\link.write.1.tlog
